2023-05-04 17:56:31,699 :INFO :verify_url :
 Asserted in 'test_url_forms': 'automation-practice-form' found in URL.
2023-05-04 17:56:31,908 :INFO :verify_equal :
 Asserted in 'test_first_name': 'Semere' value is equal to 'Semere'.
2023-05-04 17:56:32,066 :INFO :verify_equal :
 Asserted in 'test_last_name': 'Khazimat' value is equal to 'Khazimat'.
2023-05-04 17:56:32,237 :INFO :verify_equal :
 Asserted in 'test_email': 'xejok61334@duiter.com' value is equal to 'xejok61334@duiter.com'.
2023-05-04 17:56:32,441 :INFO :verify_is_selected :
 Asserted in 'test_gender_radio': element(s) selected.
2023-05-04 17:56:32,586 :INFO :verify_equal :
 Asserted in 'test_mobile': '5720001111' value is equal to '5720001111'.
2023-05-04 17:56:34,728 :INFO :verify_equal :
 Asserted in 'test_date_of_birth': '15 Jun 1990' value is equal to '15 Jun 1990'.
2023-05-04 17:56:34,849 :INFO :explicitly_wait_for_element :
 For 'test_subjects_auto_complete': EC condition 'presence_of_element_located' satisfied within 5 sec.
2023-05-04 17:56:34,985 :INFO :verify_equal :
 Asserted in 'test_subjects_auto_complete': 'Commerce' value is equal to 'Commerce'.
2023-05-04 17:56:35,823 :INFO :explicitly_wait_for_element :
 For 'test_state_dropbox': EC condition 'presence_of_element_located' satisfied within 5 sec.
2023-05-04 17:56:35,858 :INFO :verify_equal :
 Asserted in 'test_state_dropbox': 'NCR' value is equal to 'NCR'.
2023-05-04 17:56:36,048 :INFO :explicitly_wait_for_element :
 For 'test_city_dropbox': EC condition 'presence_of_element_located' satisfied within 5 sec.
2023-05-04 17:56:36,088 :INFO :verify_equal :
 Asserted in 'test_city_dropbox': 'Noida' value is equal to 'Noida'.
2023-05-04 17:56:36,205 :INFO :verify_in_text :
 Asserted in 'test_submit_button': 'Thanks for submitting the form' found in full text.
2023-05-04 17:56:36,646 :INFO :verify_equal :
 Asserted in 'test_confirmation_table': 'Semere Khazimat' value is equal to 'Semere Khazimat'.
2023-05-04 17:56:36,656 :INFO :verify_equal :
 Asserted in 'test_confirmation_table': 'xejok61334@duiter.com' value is equal to 'xejok61334@duiter.com'.
2023-05-04 17:56:36,667 :INFO :verify_equal :
 Asserted in 'test_confirmation_table': 'Female' value is equal to 'Female'.
2023-05-04 17:56:36,677 :INFO :verify_equal :
 Asserted in 'test_confirmation_table': '5720001111' value is equal to '5720001111'.
2023-05-04 17:56:36,688 :INFO :verify_equal :
 Asserted in 'test_confirmation_table': '15 June,1990' value is equal to '15 June,1990'.
2023-05-04 17:56:36,699 :INFO :verify_equal :
 Asserted in 'test_confirmation_table': 'Commerce' value is equal to 'Commerce'.
2023-05-04 17:56:36,710 :INFO :verify_equal :
 Asserted in 'test_confirmation_table': 'Sports, Music' value is equal to 'Sports, Music'.
2023-05-04 17:56:36,721 :INFO :verify_equal :
 Asserted in 'test_confirmation_table': 'sampleFile.jpeg' value is equal to 'sampleFile.jpeg'.
2023-05-04 17:56:36,731 :INFO :verify_equal :
 Asserted in 'test_confirmation_table': '42213 Paramount Lane' value is equal to '42213 Paramount Lane'.
2023-05-04 17:56:36,742 :INFO :verify_equal :
 Asserted in 'test_confirmation_table': 'NCR Noida' value is equal to 'NCR Noida'.
