2023-06-18 18:33:20,136 :INFO :verify_url :
 Asserted in 'test_url_selectable': 'selectable' found in URL.
2023-06-18 18:33:20,234 :INFO :verify_in_text :
 Asserted in 'test_selectable_list': 'active' found in full text.
2023-06-18 18:33:20,315 :INFO :verify_not_in_text :
 Asserted in 'test_selectable_list': 'active' not found in full text.
2023-06-18 18:33:20,383 :INFO :verify_in_text :
 Asserted in 'test_selectable_list': 'active' found in full text.
2023-06-18 18:33:20,438 :INFO :verify_not_in_text :
 Asserted in 'test_selectable_list': 'active' not found in full text.
2023-06-18 18:33:20,512 :INFO :verify_in_text :
 Asserted in 'test_selectable_list': 'active' found in full text.
2023-06-18 18:33:20,572 :INFO :verify_not_in_text :
 Asserted in 'test_selectable_list': 'active' not found in full text.
2023-06-18 18:33:20,636 :INFO :verify_in_text :
 Asserted in 'test_selectable_list': 'active' found in full text.
2023-06-18 18:33:20,687 :INFO :verify_not_in_text :
 Asserted in 'test_selectable_list': 'active' not found in full text.
2023-06-18 18:33:20,838 :INFO :verify_in_text :
 Asserted in 'test_selectable_grid': 'active' found in full text.
2023-06-18 18:33:20,893 :INFO :verify_not_in_text :
 Asserted in 'test_selectable_grid': 'active' not found in full text.
2023-06-18 18:33:20,948 :INFO :verify_in_text :
 Asserted in 'test_selectable_grid': 'active' found in full text.
2023-06-18 18:33:20,999 :INFO :verify_not_in_text :
 Asserted in 'test_selectable_grid': 'active' not found in full text.
2023-06-18 18:33:21,055 :INFO :verify_in_text :
 Asserted in 'test_selectable_grid': 'active' found in full text.
2023-06-18 18:33:21,111 :INFO :verify_not_in_text :
 Asserted in 'test_selectable_grid': 'active' not found in full text.
2023-06-18 18:33:21,183 :INFO :verify_in_text :
 Asserted in 'test_selectable_grid': 'active' found in full text.
2023-06-18 18:33:21,237 :INFO :verify_not_in_text :
 Asserted in 'test_selectable_grid': 'active' not found in full text.
2023-06-18 18:33:21,295 :INFO :verify_in_text :
 Asserted in 'test_selectable_grid': 'active' found in full text.
2023-06-18 18:33:21,341 :INFO :verify_not_in_text :
 Asserted in 'test_selectable_grid': 'active' not found in full text.
2023-06-18 18:33:21,393 :INFO :verify_in_text :
 Asserted in 'test_selectable_grid': 'active' found in full text.
2023-06-18 18:33:21,441 :INFO :verify_not_in_text :
 Asserted in 'test_selectable_grid': 'active' not found in full text.
2023-06-18 18:33:21,492 :INFO :verify_in_text :
 Asserted in 'test_selectable_grid': 'active' found in full text.
2023-06-18 18:33:21,535 :INFO :verify_not_in_text :
 Asserted in 'test_selectable_grid': 'active' not found in full text.
2023-06-18 18:33:21,583 :INFO :verify_in_text :
 Asserted in 'test_selectable_grid': 'active' found in full text.
2023-06-18 18:33:21,631 :INFO :verify_not_in_text :
 Asserted in 'test_selectable_grid': 'active' not found in full text.
2023-06-18 18:33:21,701 :INFO :verify_in_text :
 Asserted in 'test_selectable_grid': 'active' found in full text.
2023-06-18 18:33:21,749 :INFO :verify_not_in_text :
 Asserted in 'test_selectable_grid': 'active' not found in full text.
